2018-07-06 18:54:06,959:DEBUG:__main__:Comenzando...
2018-07-06 18:54:09,250:DEBUG:__main__:Modulo HX711 Inicializado correctamente
2018-07-06 18:54:11,111:DEBUG:__main__:Tara inicial = 60270.8
2018-07-06 18:54:11,155:ERROR:__main__:Error durante ejecucion:
2018-07-06 18:54:11,156:ERROR:__main__:name 'tarar' is not defined
Traceback (most recent call last):
  File "Scale_V3.py", line 79, in <module>
    GPIO.add_event_detect(17, GPIO.FALLING, callback=tarar, bouncetime=300)
NameError: name 'tarar' is not defined
2018-07-06 18:58:03,282:DEBUG:__main__:Comenzando...
2018-07-06 18:58:05,160:DEBUG:__main__:Modulo HX711 Inicializado correctamente
2018-07-06 18:58:07,021:DEBUG:__main__:Tara inicial = 60512.7
2018-07-06 19:03:34,192:DEBUG:__main__:Tara de usuario= 111039.6
2018-07-06 19:05:37,534:DEBUG:__main__:Comenzando...
2018-07-06 19:05:39,412:DEBUG:__main__:Modulo HX711 Inicializado correctamente
2018-07-06 19:05:41,275:DEBUG:__main__:Tara inicial = 60695.2
2018-07-06 19:05:55,135:DEBUG:__main__:Tara de usuario= 60658.88888888889
2018-07-06 19:06:01,693:DEBUG:__main__:Tara de usuario= 60631
2018-07-06 19:06:02,926:DEBUG:__main__:Tara de usuario= 60631.75
2018-07-06 19:10:17,336:DEBUG:__main__:Comenzando...
2018-07-06 19:10:19,214:DEBUG:__main__:Modulo HX711 Inicializado correctamente
2018-07-06 19:10:21,075:DEBUG:__main__:Tara inicial = 60559.6
2018-07-06 19:10:25,456:DEBUG:__main__:Tara de usuario= 60535
2018-07-06 19:16:38,694:DEBUG:__main__:Comenzando...
2018-07-06 19:16:40,583:DEBUG:__main__:Modulo HX711 Inicializado correctamente
2018-07-06 19:16:42,433:DEBUG:__main__:Tara inicial = 60725.5
2018-07-06 19:23:46,307:DEBUG:__main__:Comenzando...
2018-07-06 19:23:48,195:DEBUG:__main__:Modulo HX711 Inicializado correctamente
2018-07-06 19:23:50,046:DEBUG:__main__:Tara inicial = 60973.9
2018-07-06 19:24:01,755:DEBUG:__main__:calibrado a: 
2018-07-06 19:26:24,800:DEBUG:__main__:Comenzando...
2018-07-06 19:26:26,688:DEBUG:__main__:Modulo HX711 Inicializado correctamente
2018-07-06 19:26:28,539:DEBUG:__main__:Tara inicial = 60544.3
2018-07-06 19:26:37,490:DEBUG:__main__:calibrado a: %s
2018-07-06 19:30:26,969:DEBUG:__main__:Comenzando...
2018-07-06 19:30:28,857:DEBUG:__main__:Modulo HX711 Inicializado correctamente
2018-07-06 19:30:30,708:DEBUG:__main__:Tara inicial = 60826.8
2018-07-06 19:30:37,296:DEBUG:__main__:calibrado a: 93.14762857142858
2018-07-06 19:33:19,154:DEBUG:__main__:Comenzando...
2018-07-06 19:33:21,375:DEBUG:__main__:Modulo HX711 Inicializado correctamente
2018-07-06 19:33:23,225:DEBUG:__main__:Tara inicial = 60647.3
2018-07-06 19:33:27,881:DEBUG:__main__:Tara de usuario= 60648.5
2018-07-06 20:24:13,073:DEBUG:__main__:Comenzando...
2018-07-06 20:24:14,951:DEBUG:__main__:Modulo HX711 Inicializado correctamente
2018-07-06 20:24:16,811:DEBUG:__main__:Tara inicial = 60954.6
2018-07-06 20:26:53,010:DEBUG:__main__:Comenzando...
2018-07-06 20:26:54,888:DEBUG:__main__:Modulo HX711 Inicializado correctamente
2018-07-06 20:26:56,748:DEBUG:__main__:Tara inicial = 60974.2
2018-07-06 20:26:56,754:ERROR:__main__:Error durante ejecucion:
2018-07-06 20:26:56,755:ERROR:__main__:'sqlite3.Cursor' object is not subscriptable
Traceback (most recent call last):
  File "Scale_V3.py", line 91, in <module>
    print(dato[0])
TypeError: 'sqlite3.Cursor' object is not subscriptable
2018-07-06 20:28:31,501:DEBUG:__main__:Comenzando...
2018-07-06 20:28:33,379:DEBUG:__main__:Modulo HX711 Inicializado correctamente
2018-07-06 20:28:35,240:DEBUG:__main__:Tara inicial = 60939.6
2018-07-06 20:29:04,495:DEBUG:__main__:Comenzando...
2018-07-06 20:29:06,373:DEBUG:__main__:Modulo HX711 Inicializado correctamente
2018-07-06 20:29:08,234:DEBUG:__main__:Tara inicial = 60947.4
2018-07-06 20:29:48,024:DEBUG:__main__:Comenzando...
2018-07-06 20:29:49,901:DEBUG:__main__:Modulo HX711 Inicializado correctamente
2018-07-06 20:29:51,762:DEBUG:__main__:Tara inicial = 60945.4
2018-07-06 20:29:51,767:ERROR:__main__:Error durante ejecucion:
2018-07-06 20:29:51,769:ERROR:__main__:'tuple' object has no attribute 'calibdata'
Traceback (most recent call last):
  File "Scale_V3.py", line 91, in <module>
    print(dato.fetchone().calibdata)
AttributeError: 'tuple' object has no attribute 'calibdata'
2018-07-06 20:30:31,300:DEBUG:__main__:Comenzando...
2018-07-06 20:30:33,178:DEBUG:__main__:Modulo HX711 Inicializado correctamente
2018-07-06 20:30:34,949:DEBUG:__main__:Tara inicial = 54162.444444444445
2018-07-06 20:33:08,222:DEBUG:__main__:Comenzando...
2018-07-06 20:33:10,101:DEBUG:__main__:Modulo HX711 Inicializado correctamente
2018-07-06 20:33:11,962:DEBUG:__main__:Tara inicial = 60927.5
2018-07-06 20:35:48,218:DEBUG:__main__:Comenzando...
2018-07-06 20:35:50,096:DEBUG:__main__:Modulo HX711 Inicializado correctamente
2018-07-06 20:35:51,957:DEBUG:__main__:Tara inicial = 60828.3
2018-07-06 20:37:02,398:DEBUG:__main__:Comenzando...
2018-07-06 20:37:04,195:DEBUG:__main__:Modulo HX711 Inicializado correctamente
2018-07-06 20:37:06,046:DEBUG:__main__:Tara inicial = 60863.5
2018-07-06 20:37:11,478:DEBUG:__main__:Comenzando...
2018-07-06 20:37:13,357:DEBUG:__main__:Modulo HX711 Inicializado correctamente
2018-07-06 20:37:15,219:DEBUG:__main__:Tara inicial = 60852.6
2018-07-06 20:50:10,146:DEBUG:__main__:Comenzando...
2018-07-06 20:50:12,024:DEBUG:__main__:Modulo HX711 Inicializado correctamente
2018-07-06 20:50:13,885:DEBUG:__main__:Tara inicial = 60831.2
2018-07-06 20:50:13,890:ERROR:__main__:Error durante ejecucion:
2018-07-06 20:50:13,892:ERROR:__main__:'NoneType' object is not subscriptable
Traceback (most recent call last):
  File "Scale_V3.py", line 93, in <module>
    last_caldate = (dato.fetchone()[4])
TypeError: 'NoneType' object is not subscriptable
2018-07-06 20:55:42,028:DEBUG:__main__:Comenzando...
2018-07-06 20:55:43,916:DEBUG:__main__:Modulo HX711 Inicializado correctamente
2018-07-06 20:55:46,319:DEBUG:__main__:Tara inicial = 60852.4
2018-07-06 20:55:46,325:ERROR:__main__:Error durante ejecucion:
2018-07-06 20:55:46,327:ERROR:__main__:tarar() missing 1 required positional argument: 'last_caldate'
Traceback (most recent call last):
  File "Scale_V3.py", line 98, in <module>
    GPIO.add_event_detect(17, GPIO.FALLING, callback=tarar(last_caldata, last_caldate), bouncetime=300)
TypeError: tarar() missing 1 required positional argument: 'last_caldate'
2018-07-06 20:58:20,349:DEBUG:__main__:Comenzando...
2018-07-06 20:58:22,227:DEBUG:__main__:Modulo HX711 Inicializado correctamente
2018-07-06 20:58:24,088:DEBUG:__main__:Tara inicial = 60895.1
2018-07-06 20:58:25,317:DEBUG:__main__:Tara de usuario= 60869.125
2018-07-06 20:58:25,332:ERROR:__main__:Error durante ejecucion:
2018-07-06 20:58:25,333:ERROR:__main__:Parameter must be callable
Traceback (most recent call last):
  File "Scale_V3.py", line 98, in <module>
    GPIO.add_event_detect(17, GPIO.FALLING, callback=tarar(last_caldata, last_caldate), bouncetime=300)
TypeError: Parameter must be callable
2018-07-06 21:00:21,044:DEBUG:__main__:Comenzando...
2018-07-06 21:00:23,022:DEBUG:__main__:Modulo HX711 Inicializado correctamente
2018-07-06 21:00:24,872:DEBUG:__main__:Tara inicial = 60735.5
2018-07-06 21:06:42,101:DEBUG:__main__:Comenzando...
2018-07-06 21:06:44,080:DEBUG:__main__:Modulo HX711 Inicializado correctamente
2018-07-06 21:06:46,022:DEBUG:__main__:Tara inicial = 60638.22222222222
2018-07-06 21:06:46,845:DEBUG:__main__:Tara de usuario= 60639.625
2018-07-06 21:06:46,861:ERROR:__main__:Error durante ejecucion:
2018-07-06 21:06:46,862:ERROR:__main__:Parameter must be callable
Traceback (most recent call last):
  File "Scale_V3.py", line 97, in <module>
    GPIO.add_event_detect(17, GPIO.FALLING, callback=tarar(17,last_caldata, last_caldate), bouncetime=300)
TypeError: Parameter must be callable
2018-07-06 21:19:10,615:DEBUG:__main__:Comenzando...
2018-07-06 21:19:12,493:DEBUG:__main__:Modulo HX711 Inicializado correctamente
2018-07-06 21:19:14,354:DEBUG:__main__:Tara inicial = 60575.1
2018-07-06 21:19:55,963:DEBUG:__main__:Comenzando...
2018-07-06 21:19:57,841:DEBUG:__main__:Modulo HX711 Inicializado correctamente
2018-07-06 21:20:00,015:DEBUG:__main__:Tara inicial = 60604.625
2018-07-06 21:20:02,206:DEBUG:__main__:Tara de usuario= 60612
2018-07-06 21:20:03,121:DEBUG:__main__:Tara de usuario= 60614.1
2018-07-06 21:20:06,853:DEBUG:__main__:Tara de usuario= 60566.1
2018-07-06 21:20:07,766:DEBUG:__main__:Tara de usuario= 60584.8
2018-07-06 21:20:13,464:DEBUG:__main__:Tara de usuario= 60578.625
2018-07-06 21:20:14,369:DEBUG:__main__:Tara de usuario= 60574.8
2018-07-06 21:21:32,460:DEBUG:__main__:Comenzando...
2018-07-06 21:21:34,338:DEBUG:__main__:Modulo HX711 Inicializado correctamente
2018-07-06 21:21:36,199:DEBUG:__main__:Tara inicial = 59971.8
2018-07-06 21:21:38,571:DEBUG:__main__:Tara de usuario= 59986.7
2018-07-06 21:22:14,662:DEBUG:__main__:calibrado a: 52.81841111111111
2018-07-06 21:22:19,679:DEBUG:__main__:calibrado a: 52.8175
2018-07-06 21:27:30,668:DEBUG:__main__:Comenzando...
2018-07-06 21:27:32,546:DEBUG:__main__:Modulo HX711 Inicializado correctamente
2018-07-06 21:27:34,407:DEBUG:__main__:Tara inicial = 60055.2
2018-07-06 21:27:39,058:DEBUG:__main__:Valor pesado: 
2018-07-06 21:31:15,111:DEBUG:__main__:Comenzando...
2018-07-06 21:31:16,898:DEBUG:__main__:Modulo HX711 Inicializado correctamente
2018-07-06 21:31:18,759:DEBUG:__main__:Tara inicial = 59977.2
2018-07-06 21:31:30,257:DEBUG:__main__:Valor pesado: 89.90000000000146
2018-07-06 21:31:43,737:DEBUG:__main__:Valor pesado: 50897.5
2018-07-06 21:32:01,130:DEBUG:__main__:Valor pesado: 645.3000000000029
2018-07-06 21:32:09,880:DEBUG:__main__:Valor pesado: 626.1000000000058
2018-07-06 21:32:13,595:DEBUG:__main__:Tara de usuario= 60613.5
2018-07-06 21:32:28,102:DEBUG:__main__:calibrado a: 53.1102
2018-07-06 21:32:37,660:DEBUG:__main__:Valor pesado: -654.5
2018-07-06 21:32:39,675:DEBUG:__main__:Valor pesado: -631.1999999999971
2018-07-06 21:32:41,441:DEBUG:__main__:Valor pesado: -621.375
2018-07-06 21:32:52,192:DEBUG:__main__:Valor pesado: 52002.8
2018-07-06 21:33:36,914:DEBUG:__main__:Tara de usuario= 81931
2018-07-06 21:33:49,408:DEBUG:__main__:Valor pesado: 54071.79999999999
2018-07-21 11:56:24,065:DEBUG:__main__:Comenzando...
2018-07-21 11:56:25,156:DEBUG:__main__:Modulo HX711 Inicializado correctamente
2018-07-21 11:56:26,270:DEBUG:__main__:Tara inicial = -0.9
2018-07-21 13:11:00,762:DEBUG:__main__:Comenzando...
2018-07-21 13:11:01,841:DEBUG:__main__:Modulo HX711 Inicializado correctamente
2018-07-21 13:11:02,955:DEBUG:__main__:Tara inicial = -0.9
2018-07-21 13:11:02,962:ERROR:__main__:Error durante ejecucion:
2018-07-21 13:11:02,964:ERROR:__main__:Conflicting edge detection already enabled for this GPIO channel
Traceback (most recent call last):
  File "Scale_V3.py", line 102, in <module>
    GPIO.add_event_detect(17, GPIO.FALLING, callback=pesar, bouncetime=300)
RuntimeError: Conflicting edge detection already enabled for this GPIO channel
2018-07-21 13:11:46,218:DEBUG:__main__:Comenzando...
2018-07-21 13:11:47,298:DEBUG:__main__:Modulo HX711 Inicializado correctamente
2018-07-21 13:11:48,412:DEBUG:__main__:Tara inicial = -0.9
2018-07-21 13:14:40,569:DEBUG:__main__:Comenzando...
2018-07-21 13:14:41,649:DEBUG:__main__:Modulo HX711 Inicializado correctamente
2018-07-21 13:14:42,762:DEBUG:__main__:Tara inicial = -0.8
2018-07-21 13:15:52,682:DEBUG:__main__:Comenzando...
2018-07-21 13:15:53,762:DEBUG:__main__:Modulo HX711 Inicializado correctamente
2018-07-21 13:15:54,886:DEBUG:__main__:Tara inicial = -0.9
2018-07-21 13:15:54,993:ERROR:__main__:Error durante ejecucion:
2018-07-21 13:15:54,994:ERROR:__main__:name 'time' is not defined
Traceback (most recent call last):
  File "Scale_V3.py", line 108, in <module>
    time.sleep(1)
NameError: name 'time' is not defined
2018-07-21 13:16:49,667:DEBUG:__main__:Comenzando...
2018-07-21 13:16:50,747:DEBUG:__main__:Modulo HX711 Inicializado correctamente
2018-07-21 13:16:51,860:DEBUG:__main__:Tara inicial = -0.9
2018-07-21 13:23:19,953:DEBUG:__main__:Comenzando...
2018-07-21 13:23:21,033:DEBUG:__main__:Modulo HX711 Inicializado correctamente
2018-07-21 13:23:22,148:DEBUG:__main__:Tara inicial = -0.9
2018-07-21 13:29:14,905:DEBUG:__main__:Comenzando...
2018-07-21 13:29:15,985:DEBUG:__main__:Modulo HX711 Inicializado correctamente
2018-07-21 13:29:17,098:DEBUG:__main__:Tara inicial = -0.9
2018-07-21 13:34:31,158:DEBUG:__main__:Comenzando...
2018-07-21 13:34:32,238:DEBUG:__main__:Modulo HX711 Inicializado correctamente
2018-07-21 13:34:33,352:DEBUG:__main__:Tara inicial = -0.9
2018-07-21 13:34:33,462:ERROR:__main__:Error durante ejecucion:
2018-07-21 13:34:33,464:ERROR:__main__:name 'data' is not defined
Traceback (most recent call last):
  File "Scale_V3.py", line 108, in <module>
    if data != False:
NameError: name 'data' is not defined
2018-07-21 13:35:02,897:DEBUG:__main__:Comenzando...
2018-07-21 13:35:03,976:DEBUG:__main__:Modulo HX711 Inicializado correctamente
2018-07-21 13:35:05,089:DEBUG:__main__:Tara inicial = -0.9
2018-07-21 13:45:37,493:DEBUG:__main__:Comenzando...
2018-07-21 13:45:38,573:DEBUG:__main__:Modulo HX711 Inicializado correctamente
2018-07-21 13:45:39,687:DEBUG:__main__:Tara inicial = -0.9
2018-07-21 14:00:01,223:DEBUG:__main__:Comenzando...
2018-07-21 14:00:02,303:DEBUG:__main__:Modulo HX711 Inicializado correctamente
2018-07-21 14:00:03,418:DEBUG:__main__:Tara inicial = -0.9
2018-07-21 14:07:42,213:DEBUG:__main__:Comenzando...
2018-07-21 14:07:43,294:DEBUG:__main__:Modulo HX711 Inicializado correctamente
2018-07-21 14:07:44,410:DEBUG:__main__:Tara inicial = -0.9
2018-07-21 14:12:19,982:DEBUG:__main__:Comenzando...
2018-07-21 14:12:21,062:DEBUG:__main__:Modulo HX711 Inicializado correctamente
2018-07-21 14:12:22,243:DEBUG:__main__:Tara inicial = -0.9
2018-07-21 14:20:56,375:DEBUG:__main__:Comenzando...
2018-07-21 14:20:57,456:DEBUG:__main__:Modulo HX711 Inicializado correctamente
2018-07-21 14:20:58,568:DEBUG:__main__:Tara inicial = -0.9
2018-07-21 14:27:59,930:DEBUG:__main__:Comenzando...
2018-07-21 14:28:01,009:DEBUG:__main__:Modulo HX711 Inicializado correctamente
2018-07-21 14:28:02,124:DEBUG:__main__:Tara inicial = -0.9
2018-07-21 14:29:18,099:DEBUG:__main__:Comenzando...
2018-07-21 14:29:19,179:DEBUG:__main__:Modulo HX711 Inicializado correctamente
2018-07-21 14:29:20,297:DEBUG:__main__:Tara inicial = -0.9
2018-07-21 14:30:39,592:DEBUG:__main__:Comenzando...
2018-07-21 14:30:40,672:DEBUG:__main__:Modulo HX711 Inicializado correctamente
2018-07-21 14:30:41,853:DEBUG:__main__:Tara inicial = -0.9
2018-07-21 14:31:55,394:DEBUG:__main__:Comenzando...
2018-07-21 14:31:56,473:DEBUG:__main__:Modulo HX711 Inicializado correctamente
2018-07-21 14:31:57,663:DEBUG:__main__:Tara inicial = -0.9
2018-07-21 14:37:30,080:DEBUG:__main__:Comenzando...
2018-07-21 14:37:31,160:DEBUG:__main__:Modulo HX711 Inicializado correctamente
2018-07-21 14:37:32,274:DEBUG:__main__:Tara inicial = -0.9
2018-07-21 14:38:39,544:DEBUG:__main__:Comenzando...
2018-07-21 14:38:40,634:DEBUG:__main__:Modulo HX711 Inicializado correctamente
2018-07-21 14:38:41,733:DEBUG:__main__:Tara inicial = -0.8888888888888888
2018-07-21 14:41:15,830:DEBUG:__main__:Comenzando...
2018-07-21 14:41:16,910:DEBUG:__main__:Modulo HX711 Inicializado correctamente
2018-07-21 14:41:18,024:DEBUG:__main__:Tara inicial = -0.9
2018-07-21 16:00:37,301:DEBUG:__main__:Tara de usuario= -0.9
2018-07-21 16:04:35,559:DEBUG:__main__:Valor pesado: -0.09999999999999998
2018-07-21 16:04:40,864:DEBUG:__main__:Tara de usuario= -1
2018-07-21 16:04:53,773:DEBUG:__main__:Valor pesado: 0
2018-07-21 16:04:58,144:DEBUG:__main__:Valor pesado: 0
2018-07-21 16:05:01,866:DEBUG:__main__:Valor pesado: 0
2018-07-21 16:05:02,237:DEBUG:__main__:Valor pesado: 0
2018-07-21 16:05:17,666:DEBUG:__main__:Valor pesado: 88188
2018-07-21 16:05:18,938:DEBUG:__main__:Valor pesado: 88205.5
2018-07-21 16:05:32,749:DEBUG:__main__:Tara de usuario= 87835.8
2018-07-21 16:05:34,856:DEBUG:__main__:Tara de usuario= 84324.11111111111
2018-07-21 16:05:36,408:DEBUG:__main__:Tara de usuario= 67911.875
2018-07-21 16:05:39,810:DEBUG:__main__:Valor pesado: -124.07499999999709
2018-07-21 16:05:41,364:DEBUG:__main__:Valor pesado: -174.652777777781
2018-07-21 16:05:44,207:DEBUG:__main__:Valor pesado: 20670.125
2018-07-21 16:05:45,736:DEBUG:__main__:Valor pesado: 20535.125
2018-07-21 16:05:51,096:DEBUG:__main__:Valor pesado: 10506.125
2018-07-21 16:05:52,283:DEBUG:__main__:Valor pesado: 20327.524999999994
2018-07-21 16:19:48,514:DEBUG:__main__:calibrado a: 15.885625
2018-07-21 16:19:59,087:DEBUG:__main__:calibrado a: 15.58941071428571
2018-07-21 16:20:10,857:DEBUG:__main__:Tara de usuario= 66164.625
2018-07-21 16:20:11,775:DEBUG:__main__:Tara de usuario= 66214.3
2018-07-21 16:20:20,285:DEBUG:__main__:Valor pesado: 17496.949999999997
2018-07-21 16:20:29,338:DEBUG:__main__:Valor pesado: 17516.985714285707
2018-07-21 16:20:31,082:DEBUG:__main__:Valor pesado: 17473.574999999997
2018-07-21 16:20:32,823:DEBUG:__main__:Valor pesado: 17655.811111111107
2018-07-21 16:20:45,797:DEBUG:__main__:Tara de usuario= 81045.625
2018-07-21 16:20:51,565:DEBUG:__main__:Tara de usuario= 64923.22222222222
2018-07-21 16:20:54,606:DEBUG:__main__:Valor pesado: 4137.1111111111095
2018-07-21 16:20:56,522:DEBUG:__main__:Valor pesado: 15655.11111111111
2018-07-21 16:20:57,438:DEBUG:__main__:Valor pesado: 15591.877777777787
2018-07-21 16:20:59,913:DEBUG:__main__:Valor pesado: 15467.677777777775
2018-07-21 16:21:01,379:DEBUG:__main__:Valor pesado: 15575.333333333343
2018-07-21 16:21:05,601:DEBUG:__main__:Valor pesado: 15713.777777777781
2018-07-21 16:21:06,919:DEBUG:__main__:Valor pesado: 15619.777777777781
2018-07-21 16:21:08,105:DEBUG:__main__:Valor pesado: 15566.555555555562
2018-07-21 16:21:10,650:DEBUG:__main__:Tara de usuario= 64388.4
2018-07-21 16:21:13,207:DEBUG:__main__:Tara de usuario= 64342.88888888889
2018-07-21 16:21:18,634:DEBUG:__main__:Valor pesado: 15850.61111111111
2018-07-21 16:21:19,543:DEBUG:__main__:Valor pesado: 15796.11111111111
2018-07-21 16:21:24,434:DEBUG:__main__:Valor pesado: -64343.555555555555
2018-07-21 16:21:51,084:DEBUG:__main__:calibrado a: 16.80733333333333
2018-07-21 16:21:58,753:DEBUG:__main__:calibrado a: 16.240911111111114
2018-07-21 16:22:06,057:DEBUG:__main__:Tara de usuario= 64887.1
2018-07-21 16:22:11,383:DEBUG:__main__:Valor pesado: -64888.1
2018-07-21 16:22:13,723:DEBUG:__main__:Valor pesado: 16493.025
2018-07-21 16:22:18,477:DEBUG:__main__:Valor pesado: 7481.566666666673
2018-07-21 16:22:20,037:DEBUG:__main__:Valor pesado: 16546.677777777782
2018-07-21 16:22:21,871:DEBUG:__main__:Valor pesado: 16552.1
2018-07-21 16:22:23,745:DEBUG:__main__:Valor pesado: 16573.12222222222
2018-07-21 16:22:25,414:DEBUG:__main__:Valor pesado: 16619.455555555563
2018-07-21 16:22:27,709:DEBUG:__main__:Valor pesado: 16658.01111111111
2018-07-21 16:22:30,084:DEBUG:__main__:Valor pesado: 16732.042857142857
2018-07-21 16:22:32,282:DEBUG:__main__:Valor pesado: 218.471428571429
2018-07-21 16:30:12,911:DEBUG:__main__:calibrado a: 36.51370000000001
2018-07-21 16:30:19,139:DEBUG:__main__:calibrado a: 36.45015
2018-07-21 16:30:29,649:DEBUG:__main__:Tara de usuario= 67661.33333333333
2018-07-21 16:30:39,800:DEBUG:__main__:Valor pesado: 15583.566666666666
2018-07-21 16:30:41,087:DEBUG:__main__:Valor pesado: 6319.4444444444525
2018-07-21 16:30:45,021:DEBUG:__main__:Valor pesado: 15526.866666666669
2018-07-21 16:46:17,145:DEBUG:__main__:Tara de usuario= 66488.875
2018-07-21 16:46:19,513:DEBUG:__main__:Tara de usuario= 66516.14285714286
2018-07-21 16:57:36,788:DEBUG:__main__:Comenzando...
2018-07-21 16:57:38,677:DEBUG:__main__:Modulo HX711 Inicializado correctamente
2018-07-21 16:57:40,639:DEBUG:__main__:Tara inicial = 58205.444444444445
2018-07-21 16:57:53,995:DEBUG:__main__:Tara de usuario= 62306.5
2018-07-21 16:57:54,910:DEBUG:__main__:Tara de usuario= 62409.9
2018-07-21 16:58:23,388:DEBUG:__main__:calibrado a: 46.89699999999999
2018-07-21 16:58:26,967:DEBUG:__main__:calibrado a: 47.022499999999994
2018-07-21 16:58:36,205:DEBUG:__main__:Valor pesado: -38094.18571428572
2018-07-21 16:58:45,282:DEBUG:__main__:Valor pesado: -62410.9
2018-07-21 16:58:48,606:DEBUG:__main__:Valor pesado: -62410.9
2018-07-21 16:58:54,462:DEBUG:__main__:Valor pesado: 23625.6
2018-07-21 16:58:59,483:DEBUG:__main__:Tara de usuario= 35918.22222222222
2018-07-21 16:59:00,768:DEBUG:__main__:Tara de usuario= 64688.555555555555
2018-07-21 17:01:48,522:DEBUG:__main__:calibrado a: 19.322444444444447
2018-07-21 17:01:52,086:DEBUG:__main__:calibrado a: 19.384819444444446
2018-07-21 17:01:59,476:DEBUG:__main__:Tara de usuario= 62834
2018-07-21 17:02:09,096:DEBUG:__main__:Valor pesado: 151.5
2018-07-21 17:02:15,089:DEBUG:__main__:Valor pesado: -62835
2018-07-21 17:02:26,979:DEBUG:__main__:Valor pesado: 20608.22222222222
2018-07-21 17:02:28,847:DEBUG:__main__:Valor pesado: 20579.375
2018-07-21 17:02:32,933:DEBUG:__main__:Valor pesado: -62835
2018-07-21 17:02:34,696:DEBUG:__main__:Valor pesado: 20814.625
2018-07-21 17:03:18,351:DEBUG:__main__:Valor pesado: 21808.100000000006
2018-07-21 17:03:20,091:DEBUG:__main__:Valor pesado: 21792.22222222222
2018-07-21 17:03:21,095:DEBUG:__main__:Valor pesado: 21796
2018-07-21 21:19:35,164:DEBUG:__main__:Comenzando...
2018-07-21 21:19:37,470:DEBUG:__main__:Modulo HX711 Inicializado correctamente
2018-07-21 21:19:39,333:DEBUG:__main__:Tara inicial = 58855.1
2018-07-21 21:20:03,202:DEBUG:__main__:Programa terminado por usuario
2018-07-21 22:46:05,710:DEBUG:__main__:Comenzando...
2018-07-21 22:46:08,014:DEBUG:__main__:Modulo HX711 Inicializado correctamente
2018-07-21 22:46:09,878:DEBUG:__main__:Tara inicial = 58983.5
2018-07-21 22:54:24,459:DEBUG:__main__:Programa terminado por usuario
2018-07-22 22:49:30,252:DEBUG:__main__:Comenzando...
2018-07-22 22:49:32,556:DEBUG:__main__:Modulo HX711 Inicializado correctamente
2018-07-22 22:49:34,429:DEBUG:__main__:Tara inicial = 61825.57142857143
2018-07-22 22:49:35,352:ERROR:__main__:Error durante ejecucion:
2018-07-22 22:49:35,353:ERROR:__main__:name 'start_server' is not defined
Traceback (most recent call last):
  File "Scale_V3.py", line 109, in <module>
    asyncio.get_event_loop().run_until_complete(start_server)
NameError: name 'start_server' is not defined
2018-07-22 22:51:43,081:DEBUG:__main__:Comenzando...
2018-07-22 22:51:45,385:DEBUG:__main__:Modulo HX711 Inicializado correctamente
2018-07-22 22:51:47,258:DEBUG:__main__:Tara inicial = 59970.6
2018-07-22 22:51:48,177:ERROR:__main__:Error durante ejecucion:
2018-07-22 22:51:48,178:ERROR:__main__:name 'start_server' is not defined
Traceback (most recent call last):
  File "Scale_V3.py", line 109, in <module>
    asyncio.get_event_loop().run_until_complete(start_server)
NameError: name 'start_server' is not defined
2018-07-22 22:54:39,515:DEBUG:__main__:Comenzando...
2018-07-22 22:54:41,820:DEBUG:__main__:Modulo HX711 Inicializado correctamente
2018-07-22 22:54:43,694:DEBUG:__main__:Tara inicial = 60033.4
2018-07-22 22:55:09,422:DEBUG:__main__:Programa terminado por usuario
2018-07-22 22:55:37,042:DEBUG:__main__:Comenzando...
2018-07-22 22:55:39,345:DEBUG:__main__:Modulo HX711 Inicializado correctamente
2018-07-22 22:55:41,218:DEBUG:__main__:Tara inicial = 60071.625
2018-07-22 22:56:25,418:DEBUG:__main__:Programa terminado por usuario
2018-07-22 23:05:46,266:DEBUG:__main__:Comenzando...
2018-07-22 23:05:48,559:DEBUG:__main__:Modulo HX711 Inicializado correctamente
2018-07-22 23:05:50,428:DEBUG:__main__:Tara inicial = 55377.5
2018-07-22 23:12:30,305:DEBUG:__main__:Programa terminado por usuario
2018-07-22 23:14:40,280:DEBUG:__main__:Comenzando...
2018-07-22 23:14:42,584:DEBUG:__main__:Modulo HX711 Inicializado correctamente
2018-07-22 23:14:44,456:DEBUG:__main__:Tara inicial = 55140.2
2018-07-22 23:15:04,704:DEBUG:__main__:Programa terminado por usuario
2018-07-22 23:32:16,324:DEBUG:__main__:Comenzando...
2018-07-22 23:32:18,627:DEBUG:__main__:Modulo HX711 Inicializado correctamente
2018-07-22 23:32:20,501:DEBUG:__main__:Tara inicial = 55176.5
2018-07-22 23:32:20,645:ERROR:__main__:Error durante ejecucion:
2018-07-22 23:32:20,646:ERROR:__main__:pesar() missing 1 required positional argument: 'channel'
Traceback (most recent call last):
  File "Scale_V3.py", line 108, in <module>
    pesar()
TypeError: pesar() missing 1 required positional argument: 'channel'
2018-07-22 23:34:53,746:DEBUG:__main__:Comenzando...
2018-07-22 23:34:56,050:DEBUG:__main__:Modulo HX711 Inicializado correctamente
2018-07-22 23:34:57,915:DEBUG:__main__:Tara inicial = 55176.6
2018-07-22 23:34:58,856:DEBUG:__main__:Valor pesado: -21.0
2018-07-22 23:34:59,775:DEBUG:__main__:Valor pesado: 25.200000000004366
2018-07-22 23:35:00,779:DEBUG:__main__:Valor pesado: 12.288888888891961
2018-07-22 23:35:01,695:DEBUG:__main__:Valor pesado: 55.0
2018-07-22 23:35:02,616:DEBUG:__main__:Valor pesado: 19.400000000001455
2018-07-22 23:35:03,528:DEBUG:__main__:Valor pesado: 16.599999999998545
2018-07-22 23:35:04,454:DEBUG:__main__:Valor pesado: 23.30000000000291
2018-07-22 23:35:05,366:DEBUG:__main__:Valor pesado: 22.700000000004366
2018-07-22 23:35:06,298:DEBUG:__main__:Valor pesado: 42.599999999998545
2018-07-22 23:35:07,197:DEBUG:__main__:Valor pesado: 49.5666666666657
2018-07-22 23:35:08,117:DEBUG:__main__:Valor pesado: 41.5
2018-07-22 23:35:09,043:DEBUG:__main__:Valor pesado: 10.5
2018-07-22 23:35:09,948:DEBUG:__main__:Valor pesado: 27.400000000001455
2018-07-22 23:35:10,874:DEBUG:__main__:Valor pesado: -13.599999999998545
2018-07-22 23:35:11,878:DEBUG:__main__:Valor pesado: 48.84444444444671
2018-07-22 23:35:12,790:DEBUG:__main__:Valor pesado: -34.599999999998545
2018-07-22 23:35:13,712:DEBUG:__main__:Valor pesado: 16.700000000004366
2018-07-22 23:35:14,627:DEBUG:__main__:Valor pesado: 63.30000000000291
2018-07-22 23:35:15,551:DEBUG:__main__:Valor pesado: 9.900000000001455
2018-07-22 23:35:16,465:DEBUG:__main__:Valor pesado: 109.51111111111095
2018-07-22 23:35:17,475:DEBUG:__main__:Valor pesado: 34.5
2018-07-22 23:35:18,389:DEBUG:__main__:Valor pesado: -0.9000000000014552
2018-07-22 23:35:19,311:DEBUG:__main__:Valor pesado: 19.30000000000291
2018-07-22 23:35:20,231:DEBUG:__main__:Valor pesado: 158.0666666666657
2018-07-22 23:35:21,145:DEBUG:__main__:Valor pesado: 24.54285714285652
2018-07-22 23:35:22,056:DEBUG:__main__:Valor pesado: 20.28888888889196
2018-07-22 23:35:23,067:DEBUG:__main__:Valor pesado: 35.30000000000291
2018-07-22 23:35:23,986:DEBUG:__main__:Valor pesado: 92.40000000000146
2018-07-22 23:35:24,810:DEBUG:__main__:Valor pesado: 25.733333333337214
2018-07-22 23:35:25,728:DEBUG:__main__:Valor pesado: 79.80000000000291
2018-07-22 23:35:26,648:DEBUG:__main__:Valor pesado: 36.5
2018-07-22 23:35:27,569:DEBUG:__main__:Valor pesado: 48.0
2018-07-22 23:35:28,479:DEBUG:__main__:Valor pesado: -7.0
2018-07-22 23:35:29,398:DEBUG:__main__:Valor pesado: 13.80000000000291
2018-07-22 23:35:30,228:DEBUG:__main__:Valor pesado: -6111.155555555553
2018-07-22 23:35:31,143:DEBUG:__main__:Valor pesado: 42.099999999998545
2018-07-22 23:35:32,054:DEBUG:__main__:Valor pesado: 6.955555555556202
2018-07-22 23:35:32,875:DEBUG:__main__:Valor pesado: -57.71111111110804
2018-07-22 23:35:33,804:DEBUG:__main__:Valor pesado: 11.650000000001455
2018-07-22 23:35:34,716:DEBUG:__main__:Valor pesado: 54.68571428571886
2018-07-22 23:35:35,637:DEBUG:__main__:Valor pesado: 154.2333333333372
2018-07-22 23:35:36,550:DEBUG:__main__:Valor pesado: 90.82857142857392
2018-07-22 23:35:37,472:DEBUG:__main__:Valor pesado: 37.5666666666657
2018-07-22 23:35:38,384:DEBUG:__main__:Valor pesado: 94.5666666666657
2018-07-22 23:35:39,307:DEBUG:__main__:Valor pesado: 40.900000000001455
2018-07-22 23:35:40,222:DEBUG:__main__:Valor pesado: 2.828571428573923
2018-07-22 23:35:41,143:DEBUG:__main__:Valor pesado: -20.099999999998545
2018-07-22 23:35:42,062:DEBUG:__main__:Valor pesado: 106.40000000000146
2018-07-22 23:35:42,972:DEBUG:__main__:Valor pesado: 78.90000000000146
2018-07-22 23:35:43,900:DEBUG:__main__:Valor pesado: 22.0
2018-07-22 23:35:44,910:DEBUG:__main__:Valor pesado: -30.599999999998545
2018-07-22 23:35:45,827:DEBUG:__main__:Valor pesado: 68.20000000000437
2018-07-22 23:35:46,185:DEBUG:__main__:Programa terminado por usuario
